<?xml version="1.0" encoding="UTF-8"?>
<!-- Generated by org.testng.reporters.JUnitXMLReporter -->
<testsuite ignored="0" hostname="DESKTOP-PIF7RJ3" failures="0" tests="3" name="Test" time="34.839" errors="0" timestamp="2024-12-19T15:08:14 IST">
  <testcase classname="TestCases.RegisterTestCases" name="verifyRegisterationWithValidBlankData" time="7.726"/>
  <testcase classname="TestCases.RegisterTestCases" name="verifyRegisterationWithValidData" time="4.194"/>
  <testcase classname="TestCases.loginTestCases" name="verifyLoginWithValidData" time="2.3"/>
</testsuite> <!-- Test -->
